mode: atomic
sshx/internal/app/app.go:20.31,22.76 1 3
sshx/internal/app/app.go:22.76,26.40 3 0
sshx/internal/app/app.go:26.40,28.4 1 0
sshx/internal/app/app.go:29.3,29.13 1 0
sshx/internal/app/app.go:33.2,33.19 1 3
sshx/internal/app/app.go:33.19,36.3 2 2
sshx/internal/app/app.go:39.2,45.31 3 1
sshx/internal/app/app.go:45.31,46.58 1 0
sshx/internal/app/app.go:46.58,48.4 1 0
sshx/internal/app/app.go:49.3,49.13 1 0
sshx/internal/app/app.go:53.2,53.70 1 1
sshx/internal/app/app.go:53.70,55.17 2 0
sshx/internal/app/app.go:55.17,58.4 2 0
sshx/internal/app/app.go:58.9,61.4 2 0
sshx/internal/app/app.go:65.2,66.16 2 1
sshx/internal/app/app.go:66.16,68.3 1 1
sshx/internal/app/app.go:69.2,72.41 2 0
sshx/internal/app/app.go:72.41,74.3 1 0
sshx/internal/app/app.go:77.2,77.27 1 0
sshx/internal/app/app.go:77.27,78.46 1 0
sshx/internal/app/app.go:78.46,80.4 1 0
sshx/internal/app/app.go:81.3,81.13 1 0
sshx/internal/app/app.go:85.2,85.48 1 0
sshx/internal/app/app.go:85.48,87.3 1 0
sshx/internal/app/app.go:89.2,89.12 1 0
sshx/internal/app/config.go:11.49,19.59 2 28
sshx/internal/app/config.go:19.59,21.3 1 1
sshx/internal/app/config.go:22.2,22.57 1 28
sshx/internal/app/config.go:22.57,24.3 1 1
sshx/internal/app/config.go:26.2,26.48 1 28
sshx/internal/app/config.go:26.48,28.3 1 1
sshx/internal/app/config.go:29.2,29.38 1 28
sshx/internal/app/config.go:29.38,31.3 1 1
sshx/internal/app/config.go:33.2,34.19 2 28
sshx/internal/app/config.go:34.19,36.3 1 27
sshx/internal/app/config.go:37.2,39.33 2 28
sshx/internal/app/config.go:39.33,41.10 2 57
sshx/internal/app/config.go:42.73,43.48 1 18
sshx/internal/app/config.go:44.73,45.48 1 2
sshx/internal/app/config.go:46.73,47.48 1 2
sshx/internal/app/config.go:48.72,49.51 1 2
sshx/internal/app/config.go:50.38,51.23 1 2
sshx/internal/app/config.go:52.35,53.30 1 1
sshx/internal/app/config.go:54.24,55.24 1 0
sshx/internal/app/config.go:56.44,59.53 3 1
sshx/internal/app/config.go:60.46,63.54 3 1
sshx/internal/app/config.go:64.40,65.37 1 2
sshx/internal/app/config.go:65.37,67.5 1 1
sshx/internal/app/config.go:67.10,67.46 1 1
sshx/internal/app/config.go:67.46,69.5 1 1
sshx/internal/app/config.go:70.75,73.54 3 2
sshx/internal/app/config.go:74.43,77.54 3 1
sshx/internal/app/config.go:78.40,81.54 3 1
sshx/internal/app/config.go:82.50,86.22 4 2
sshx/internal/app/config.go:86.22,89.26 3 2
sshx/internal/app/config.go:89.26,91.6 1 1
sshx/internal/app/config.go:93.50,96.55 3 1
sshx/internal/app/config.go:97.96,100.55 3 2
sshx/internal/app/config.go:101.98,104.55 3 2
sshx/internal/app/config.go:105.59,107.34 2 2
sshx/internal/app/config.go:108.24,110.14 2 0
sshx/internal/app/config.go:111.11,112.52 1 13
sshx/internal/app/config.go:112.52,114.5 1 0
sshx/internal/app/config.go:118.2,118.26 1 28
sshx/internal/app/config.go:118.26,120.34 2 13
sshx/internal/app/config.go:120.34,122.35 2 34
sshx/internal/app/config.go:122.35,123.13 1 21
sshx/internal/app/config.go:125.4,125.38 1 13
sshx/internal/app/config.go:128.3,128.25 1 13
sshx/internal/app/config.go:128.25,130.4 1 13
sshx/internal/app/config.go:133.2,133.15 1 28
sshx/internal/app/password.go:15.63,16.31 1 0
sshx/internal/app/password.go:17.13,18.93 1 0
sshx/internal/app/password.go:19.13,20.71 1 0
sshx/internal/app/password.go:21.29,22.74 1 0
sshx/internal/app/password.go:23.20,24.25 1 0
sshx/internal/app/password.go:25.25,26.73 1 0
sshx/internal/app/password.go:27.10,28.111 1 0
sshx/internal/app/password.go:32.56,33.15 1 0
sshx/internal/app/password.go:33.15,35.3 1 0
sshx/internal/app/password.go:36.2,36.17 1 0
sshx/internal/app/password.go:36.17,39.17 3 0
sshx/internal/app/password.go:39.17,41.4 1 0
sshx/internal/app/password.go:42.3,42.19 1 0
sshx/internal/app/password.go:45.2,45.61 1 0
sshx/internal/app/password.go:45.61,47.3 1 0
sshx/internal/app/password.go:49.2,54.17 5 0
sshx/internal/app/password.go:54.17,56.3 1 0
sshx/internal/app/password.go:56.8,56.22 1 0
sshx/internal/app/password.go:56.22,58.3 1 0
sshx/internal/app/password.go:58.8,60.3 1 0
sshx/internal/app/password.go:62.2,62.12 1 0
sshx/internal/app/password.go:65.49,66.15 1 0
sshx/internal/app/password.go:66.15,68.3 1 0
sshx/internal/app/password.go:70.2,71.16 2 0
sshx/internal/app/password.go:71.16,72.33 1 0
sshx/internal/app/password.go:72.33,74.4 1 0
sshx/internal/app/password.go:75.3,75.55 1 0
sshx/internal/app/password.go:78.2,83.12 5 0
sshx/internal/app/password.go:86.52,87.15 1 0
sshx/internal/app/password.go:87.15,89.3 1 0
sshx/internal/app/password.go:91.2,92.16 2 0
sshx/internal/app/password.go:92.16,93.33 1 0
sshx/internal/app/password.go:93.33,96.4 2 0
sshx/internal/app/password.go:97.3,97.57 1 0
sshx/internal/app/password.go:100.2,100.57 1 0
sshx/internal/app/password.go:100.57,102.3 1 0
sshx/internal/app/password.go:104.2,108.12 4 0
sshx/internal/app/password.go:111.51,112.15 1 0
sshx/internal/app/password.go:112.15,114.3 1 0
sshx/internal/app/password.go:116.2,117.16 2 0
sshx/internal/app/password.go:117.16,122.3 4 0
sshx/internal/app/password.go:124.2,124.32 1 0
sshx/internal/app/password.go:124.32,129.3 4 0
sshx/internal/app/password.go:131.2,131.56 1 0
sshx/internal/app/password.go:134.28,149.33 7 0
sshx/internal/app/password.go:149.33,151.17 2 0
sshx/internal/app/password.go:151.17,154.4 2 0
sshx/internal/app/password.go:154.9,154.40 1 0
sshx/internal/app/password.go:154.40,156.4 1 0
sshx/internal/app/password.go:156.9,158.4 1 0
sshx/internal/app/password.go:161.2,161.12 1 0
sshx/internal/app/password.go:161.12,163.3 1 0
sshx/internal/app/password.go:165.2,171.15 7 0
sshx/internal/app/password.go:171.15,173.3 1 0
sshx/internal/app/password.go:173.8,173.24 1 0
sshx/internal/app/password.go:173.24,175.3 1 0
sshx/internal/app/password.go:175.8,177.3 1 0
sshx/internal/app/password.go:179.2,179.12 1 0
sshx/internal/app/password.go:182.37,186.16 4 0
sshx/internal/app/password.go:186.16,188.3 1 0
sshx/internal/app/password.go:189.2,189.41 1 0
sshx/internal/app/password.go:192.23,194.2 1 4
sshx/internal/app/password.go:196.21,197.52 1 1
sshx/internal/app/password.go:197.52,199.3 1 1
sshx/internal/app/password.go:200.2,200.14 1 0
sshx/internal/app/usage.go:6.19,152.2 1 5
